<?xml version="1.0" encoding="UTF-8"?>
<testsuite xmlns:xsi="http://www.w3.org/2001/XMLSchema-instance" xsi:noNamespaceSchemaLocation="https://maven.apache.org/surefire/maven-surefire-plugin/xsd/surefire-test-report-3.0.xsd" version="3.0" name="com.microservices.eurekaserver.EurekaServerApplicationTests" time="6.773" tests="1" errors="0" skipped="0" failures="0">
  <properties>
    <property name="java.specification.version" value="17"/>
    <property name="sun.jnu.encoding" value="UTF-8"/>
    <property name="java.class.path" value="/Users/jalidyamina/microservices-architecture/eureka-server/target/test-classes:/Users/jalidyamina/microservices-architecture/eureka-server/target/classes:/Users/jalidyamina/.m2/repository/org/springframework/cloud/spring-cloud-starter-config/4.1.1/spring-cloud-starter-config-4.1.1.jar:/Users/jalidyamina/.m2/repository/org/springframework/cloud/spring-cloud-starter/4.1.2/spring-cloud-starter-4.1.2.jar:/Users/jalidyamina/.m2/repository/org/springframework/cloud/spring-cloud-context/4.1.2/spring-cloud-context-4.1.2.jar:/Users/jalidyamina/.m2/repository/org/springframework/security/spring-security-rsa/1.1.2/spring-security-rsa-1.1.2.jar:/Users/jalidyamina/.m2/repository/org/bouncycastle/bcprov-jdk18on/1.77/bcprov-jdk18on-1.77.jar:/Users/jalidyamina/.m2/repository/org/springframework/cloud/spring-cloud-config-client/4.1.1/spring-cloud-config-client-4.1.1.jar:/Users/jalidyamina/.m2/repository/org/springframework/boot/spring-boot-autoconfigure/3.3.4/spring-boot-autoconfigure-3.3.4.jar:/Users/jalidyamina/.m2/repository/org/springframework/spring-web/6.1.13/spring-web-6.1.13.jar:/Users/jalidyamina/.m2/repository/org/springframework/spring-beans/6.1.13/spring-beans-6.1.13.jar:/Users/jalidyamina/.m2/repository/com/fasterxml/jackson/core/jackson-annotations/2.17.2/jackson-annotations-2.17.2.jar:/Users/jalidyamina/.m2/repository/org/apache/httpcomponents/client5/httpclient5/5.3.1/httpclient5-5.3.1.jar:/Users/jalidyamina/.m2/repository/org/apache/httpcomponents/core5/httpcore5/5.2.5/httpcore5-5.2.5.jar:/Users/jalidyamina/.m2/repository/org/apache/httpcomponents/core5/httpcore5-h2/5.2.5/httpcore5-h2-5.2.5.jar:/Users/jalidyamina/.m2/repository/com/fasterxml/jackson/core/jackson-databind/2.17.2/jackson-databind-2.17.2.jar:/Users/jalidyamina/.m2/repository/com/fasterxml/jackson/core/jackson-core/2.17.2/jackson-core-2.17.2.jar:/Users/jalidyamina/.m2/repository/org/springframework/cloud/spring-cloud-starter-netflix-eureka-server/4.1.1/spring-cloud-starter-netflix-eureka-server-4.1.1.jar:/Users/jalidyamina/.m2/repository/org/springframework/cloud/spring-cloud-starter-loadbalancer/4.1.2/spring-cloud-starter-loadbalancer-4.1.2.jar:/Users/jalidyamina/.m2/repository/org/springframework/cloud/spring-cloud-loadbalancer/4.1.2/spring-cloud-loadbalancer-4.1.2.jar:/Users/jalidyamina/.m2/repository/io/projectreactor/reactor-core/3.6.10/reactor-core-3.6.10.jar:/Users/jalidyamina/.m2/repository/org/reactivestreams/reactive-streams/1.0.4/reactive-streams-1.0.4.jar:/Users/jalidyamina/.m2/repository/io/projectreactor/addons/reactor-extra/3.5.2/reactor-extra-3.5.2.jar:/Users/jalidyamina/.m2/repository/org/springframework/boot/spring-boot-starter-cache/3.3.4/spring-boot-starter-cache-3.3.4.jar:/Users/jalidyamina/.m2/repository/com/stoyanr/evictor/1.0.0/evictor-1.0.0.jar:/Users/jalidyamina/.m2/repository/org/glassfish/jaxb/jaxb-runtime/4.0.5/jaxb-runtime-4.0.5.jar:/Users/jalidyamina/.m2/repository/org/glassfish/jaxb/jaxb-core/4.0.5/jaxb-core-4.0.5.jar:/Users/jalidyamina/.m2/repository/org/eclipse/angus/angus-activation/2.0.2/angus-activation-2.0.2.jar:/Users/jalidyamina/.m2/repository/org/glassfish/jaxb/txw2/4.0.5/txw2-4.0.5.jar:/Users/jalidyamina/.m2/repository/com/sun/istack/istack-commons-runtime/4.1.2/istack-commons-runtime-4.1.2.jar:/Users/jalidyamina/.m2/repository/org/springframework/cloud/spring-cloud-starter-bootstrap/4.1.2/spring-cloud-starter-bootstrap-4.1.2.jar:/Users/jalidyamina/.m2/repository/org/springframework/boot/spring-boot-starter-test/3.3.4/spring-boot-starter-test-3.3.4.jar:/Users/jalidyamina/.m2/repository/org/springframework/boot/spring-boot-starter/3.3.4/spring-boot-starter-3.3.4.jar:/Users/jalidyamina/.m2/repository/org/springframework/boot/spring-boot/3.3.4/spring-boot-3.3.4.jar:/Users/jalidyamina/.m2/repository/org/springframework/boot/spring-boot-starter-logging/3.3.4/spring-boot-starter-logging-3.3.4.jar:/Users/jalidyamina/.m2/repository/ch/qos/logback/logback-classic/1.5.8/logback-classic-1.5.8.jar:/Users/jalidyamina/.m2/repository/ch/qos/logback/logback-core/1.5.8/logback-core-1.5.8.jar:/Users/jalidyamina/.m2/repository/org/apache/logging/log4j/log4j-to-slf4j/2.23.1/log4j-to-slf4j-2.23.1.jar:/Users/jalidyamina/.m2/repository/org/apache/logging/log4j/log4j-api/2.23.1/log4j-api-2.23.1.jar:/Users/jalidyamina/.m2/repository/org/slf4j/jul-to-slf4j/2.0.16/jul-to-slf4j-2.0.16.jar:/Users/jalidyamina/.m2/repository/jakarta/annotation/jakarta.annotation-api/2.1.1/jakarta.annotation-api-2.1.1.jar:/Users/jalidyamina/.m2/repository/org/yaml/snakeyaml/2.2/snakeyaml-2.2.jar:/Users/jalidyamina/.m2/repository/org/springframework/boot/spring-boot-test/3.3.4/spring-boot-test-3.3.4.jar:/Users/jalidyamina/.m2/repository/org/springframework/boot/spring-boot-test-autoconfigure/3.3.4/spring-boot-test-autoconfigure-3.3.4.jar:/Users/jalidyamina/.m2/repository/com/jayway/jsonpath/json-path/2.9.0/json-path-2.9.0.jar:/Users/jalidyamina/.m2/repository/org/slf4j/slf4j-api/2.0.16/slf4j-api-2.0.16.jar:/Users/jalidyamina/.m2/repository/jakarta/xml/bind/jakarta.xml.bind-api/4.0.2/jakarta.xml.bind-api-4.0.2.jar:/Users/jalidyamina/.m2/repository/jakarta/activation/jakarta.activation-api/2.1.3/jakarta.activation-api-2.1.3.jar:/Users/jalidyamina/.m2/repository/net/minidev/json-smart/2.5.1/json-smart-2.5.1.jar:/Users/jalidyamina/.m2/repository/net/minidev/accessors-smart/2.5.1/accessors-smart-2.5.1.jar:/Users/jalidyamina/.m2/repository/org/ow2/asm/asm/9.6/asm-9.6.jar:/Users/jalidyamina/.m2/repository/org/assertj/assertj-core/3.25.3/assertj-core-3.25.3.jar:/Users/jalidyamina/.m2/repository/net/bytebuddy/byte-buddy/1.14.19/byte-buddy-1.14.19.jar:/Users/jalidyamina/.m2/repository/org/awaitility/awaitility/4.2.2/awaitility-4.2.2.jar:/Users/jalidyamina/.m2/repository/org/hamcrest/hamcrest/2.2/hamcrest-2.2.jar:/Users/jalidyamina/.m2/repository/org/junit/jupiter/junit-jupiter/5.10.3/junit-jupiter-5.10.3.jar:/Users/jalidyamina/.m2/repository/org/junit/jupiter/junit-jupiter-api/5.10.3/junit-jupiter-api-5.10.3.jar:/Users/jalidyamina/.m2/repository/org/opentest4j/opentest4j/1.3.0/opentest4j-1.3.0.jar:/Users/jalidyamina/.m2/repository/org/junit/platform/junit-platform-commons/1.10.3/junit-platform-commons-1.10.3.jar:/Users/jalidyamina/.m2/repository/org/apiguardian/apiguardian-api/1.1.2/apiguardian-api-1.1.2.jar:/Users/jalidyamina/.m2/repository/org/junit/jupiter/junit-jupiter-params/5.10.3/junit-jupiter-params-5.10.3.jar:/Users/jalidyamina/.m2/repository/org/junit/jupiter/junit-jupiter-engine/5.10.3/junit-jupiter-engine-5.10.3.jar:/Users/jalidyamina/.m2/repository/org/junit/platform/junit-platform-engine/1.10.3/junit-platform-engine-1.10.3.jar:/Users/jalidyamina/.m2/repository/org/mockito/mockito-core/5.11.0/mockito-core-5.11.0.jar:/Users/jalidyamina/.m2/repository/net/bytebuddy/byte-buddy-agent/1.14.19/byte-buddy-agent-1.14.19.jar:/Users/jalidyamina/.m2/repository/org/objenesis/objenesis/3.3/objenesis-3.3.jar:/Users/jalidyamina/.m2/repository/org/mockito/mockito-junit-jupiter/5.11.0/mockito-junit-jupiter-5.11.0.jar:/Users/jalidyamina/.m2/repository/org/skyscreamer/jsonassert/1.5.3/jsonassert-1.5.3.jar:/Users/jalidyamina/.m2/repository/com/vaadin/external/google/android-json/0.0.20131108.vaadin1/android-json-0.0.20131108.vaadin1.jar:/Users/jalidyamina/.m2/repository/org/springframework/spring-core/6.1.13/spring-core-6.1.13.jar:/Users/jalidyamina/.m2/repository/org/springframework/spring-jcl/6.1.13/spring-jcl-6.1.13.jar:/Users/jalidyamina/.m2/repository/org/springframework/spring-test/6.1.13/spring-test-6.1.13.jar:/Users/jalidyamina/.m2/repository/org/xmlunit/xmlunit-core/2.9.1/xmlunit-core-2.9.1.jar:/Users/jalidyamina/.m2/repository/org/springframework/cloud/spring-cloud-netflix-eureka-server/4.1.3/spring-cloud-netflix-eureka-server-4.1.3.jar:/Users/jalidyamina/.m2/repository/org/springframework/boot/spring-boot-starter-web/3.3.4/spring-boot-starter-web-3.3.4.jar:/Users/jalidyamina/.m2/repository/org/springframework/boot/spring-boot-starter-json/3.3.4/spring-boot-starter-json-3.3.4.jar:/Users/jalidyamina/.m2/repository/com/fasterxml/jackson/datatype/jackson-datatype-jdk8/2.17.2/jackson-datatype-jdk8-2.17.2.jar:/Users/jalidyamina/.m2/repository/com/fasterxml/jackson/datatype/jackson-datatype-jsr310/2.17.2/jackson-datatype-jsr310-2.17.2.jar:/Users/jalidyamina/.m2/repository/com/fasterxml/jackson/module/jackson-module-parameter-names/2.17.2/jackson-module-parameter-names-2.17.2.jar:/Users/jalidyamina/.m2/repository/org/springframework/boot/spring-boot-starter-tomcat/3.3.4/spring-boot-starter-tomcat-3.3.4.jar:/Users/jalidyamina/.m2/repository/org/apache/tomcat/embed/tomcat-embed-core/10.1.30/tomcat-embed-core-10.1.30.jar:/Users/jalidyamina/.m2/repository/org/apache/tomcat/embed/tomcat-embed-el/10.1.30/tomcat-embed-el-10.1.30.jar:/Users/jalidyamina/.m2/repository/org/apache/tomcat/embed/tomcat-embed-websocket/10.1.30/tomcat-embed-websocket-10.1.30.jar:/Users/jalidyamina/.m2/repository/org/springframework/spring-webmvc/6.1.13/spring-webmvc-6.1.13.jar:/Users/jalidyamina/.m2/repository/org/springframework/spring-aop/6.1.13/spring-aop-6.1.13.jar:/Users/jalidyamina/.m2/repository/org/springframework/spring-expression/6.1.13/spring-expression-6.1.13.jar:/Users/jalidyamina/.m2/repository/org/springframework/boot/spring-boot-starter-actuator/3.3.4/spring-boot-starter-actuator-3.3.4.jar:/Users/jalidyamina/.m2/repository/org/springframework/boot/spring-boot-actuator-autoconfigure/3.3.4/spring-boot-actuator-autoconfigure-3.3.4.jar:/Users/jalidyamina/.m2/repository/org/springframework/boot/spring-boot-actuator/3.3.4/spring-boot-actuator-3.3.4.jar:/Users/jalidyamina/.m2/repository/io/micrometer/micrometer-observation/1.13.4/micrometer-observation-1.13.4.jar:/Users/jalidyamina/.m2/repository/io/micrometer/micrometer-commons/1.13.4/micrometer-commons-1.13.4.jar:/Users/jalidyamina/.m2/repository/io/micrometer/micrometer-jakarta9/1.13.4/micrometer-jakarta9-1.13.4.jar:/Users/jalidyamina/.m2/repository/io/micrometer/micrometer-core/1.13.4/micrometer-core-1.13.4.jar:/Users/jalidyamina/.m2/repository/org/hdrhistogram/HdrHistogram/2.2.2/HdrHistogram-2.2.2.jar:/Users/jalidyamina/.m2/repository/org/latencyutils/LatencyUtils/2.0.3/LatencyUtils-2.0.3.jar:/Users/jalidyamina/.m2/repository/org/springframework/boot/spring-boot-starter-freemarker/3.3.4/spring-boot-starter-freemarker-3.3.4.jar:/Users/jalidyamina/.m2/repository/org/freemarker/freemarker/2.3.33/freemarker-2.3.33.jar:/Users/jalidyamina/.m2/repository/org/springframework/spring-context-support/6.1.13/spring-context-support-6.1.13.jar:/Users/jalidyamina/.m2/repository/org/springframework/cloud/spring-cloud-commons/4.1.2/spring-cloud-commons-4.1.2.jar:/Users/jalidyamina/.m2/repository/org/springframework/security/spring-security-crypto/6.3.3/spring-security-crypto-6.3.3.jar:/Users/jalidyamina/.m2/repository/org/springframework/cloud/spring-cloud-netflix-eureka-client/4.1.1/spring-cloud-netflix-eureka-client-4.1.1.jar:/Users/jalidyamina/.m2/repository/com/netflix/eureka/eureka-client/2.0.2/eureka-client-2.0.2.jar:/Users/jalidyamina/.m2/repository/com/netflix/netflix-commons/netflix-eventbus/0.3.0/netflix-eventbus-0.3.0.jar:/Users/jalidyamina/.m2/repository/com/netflix/netflix-commons/netflix-infix/0.3.0/netflix-infix-0.3.0.jar:/Users/jalidyamina/.m2/repository/commons-jxpath/commons-jxpath/1.3/commons-jxpath-1.3.jar:/Users/jalidyamina/.m2/repository/joda-time/joda-time/2.3/joda-time-2.3.jar:/Users/jalidyamina/.m2/repository/org/antlr/antlr-runtime/3.4/antlr-runtime-3.4.jar:/Users/jalidyamina/.m2/repository/org/antlr/stringtemplate/3.2.1/stringtemplate-3.2.1.jar:/Users/jalidyamina/.m2/repository/antlr/antlr/2.7.7/antlr-2.7.7.jar:/Users/jalidyamina/.m2/repository/com/google/code/gson/gson/2.10.1/gson-2.10.1.jar:/Users/jalidyamina/.m2/repository/org/apache/commons/commons-math/2.2/commons-math-2.2.jar:/Users/jalidyamina/.m2/repository/com/thoughtworks/xstream/xstream/1.4.19/xstream-1.4.19.jar:/Users/jalidyamina/.m2/repository/io/github/x-stream/mxparser/1.2.2/mxparser-1.2.2.jar:/Users/jalidyamina/.m2/repository/xmlpull/xmlpull/1.1.3.1/xmlpull-1.1.3.1.jar:/Users/jalidyamina/.m2/repository/com/netflix/servo/servo-core/0.12.21/servo-core-0.12.21.jar:/Users/jalidyamina/.m2/repository/com/google/guava/guava/19.0/guava-19.0.jar:/Users/jalidyamina/.m2/repository/org/apache/httpcomponents/httpclient/4.5.3/httpclient-4.5.3.jar:/Users/jalidyamina/.m2/repository/org/apache/httpcomponents/httpcore/4.4.16/httpcore-4.4.16.jar:/Users/jalidyamina/.m2/repository/commons-configuration/commons-configuration/1.10/commons-configuration-1.10.jar:/Users/jalidyamina/.m2/repository/commons-lang/commons-lang/2.6/commons-lang-2.6.jar:/Users/jalidyamina/.m2/repository/org/codehaus/jettison/jettison/1.5.4/jettison-1.5.4.jar:/Users/jalidyamina/.m2/repository/com/netflix/eureka/eureka-client-jersey3/2.0.2/eureka-client-jersey3-2.0.2.jar:/Users/jalidyamina/.m2/repository/org/glassfish/jersey/connectors/jersey-apache-connector/3.1.8/jersey-apache-connector-3.1.8.jar:/Users/jalidyamina/.m2/repository/commons-codec/commons-codec/1.16.1/commons-codec-1.16.1.jar:/Users/jalidyamina/.m2/repository/commons-logging/commons-logging/1.3.1/commons-logging-1.3.1.jar:/Users/jalidyamina/.m2/repository/com/netflix/eureka/eureka-core-jersey3/2.0.2/eureka-core-jersey3-2.0.2.jar:/Users/jalidyamina/.m2/repository/com/netflix/eureka/eureka-core/2.0.2/eureka-core-2.0.2.jar:/Users/jalidyamina/.m2/repository/org/glassfish/jersey/containers/jersey-container-servlet/3.1.8/jersey-container-servlet-3.1.8.jar:/Users/jalidyamina/.m2/repository/org/glassfish/jersey/containers/jersey-container-servlet-core/3.1.8/jersey-container-servlet-core-3.1.8.jar:/Users/jalidyamina/.m2/repository/org/glassfish/jersey/core/jersey-common/3.1.8/jersey-common-3.1.8.jar:/Users/jalidyamina/.m2/repository/org/glassfish/hk2/osgi-resource-locator/1.0.3/osgi-resource-locator-1.0.3.jar:/Users/jalidyamina/.m2/repository/jakarta/ws/rs/jakarta.ws.rs-api/3.1.0/jakarta.ws.rs-api-3.1.0.jar:/Users/jalidyamina/.m2/repository/org/glassfish/jersey/core/jersey-server/3.1.8/jersey-server-3.1.8.jar:/Users/jalidyamina/.m2/repository/jakarta/inject/jakarta.inject-api/2.0.1/jakarta.inject-api-2.0.1.jar:/Users/jalidyamina/.m2/repository/jakarta/validation/jakarta.validation-api/3.0.2/jakarta.validation-api-3.0.2.jar:/Users/jalidyamina/.m2/repository/org/glassfish/jersey/core/jersey-client/3.1.8/jersey-client-3.1.8.jar:/Users/jalidyamina/.m2/repository/org/glassfish/jersey/inject/jersey-hk2/3.1.8/jersey-hk2-3.1.8.jar:/Users/jalidyamina/.m2/repository/org/glassfish/hk2/hk2-locator/3.0.6/hk2-locator-3.0.6.jar:/Users/jalidyamina/.m2/repository/org/glassfish/hk2/external/aopalliance-repackaged/3.0.6/aopalliance-repackaged-3.0.6.jar:/Users/jalidyamina/.m2/repository/org/glassfish/hk2/hk2-utils/3.0.6/hk2-utils-3.0.6.jar:/Users/jalidyamina/.m2/repository/org/javassist/javassist/3.30.2-GA/javassist-3.30.2-GA.jar:/Users/jalidyamina/.m2/repository/org/glassfish/hk2/spring-bridge/3.1.1/spring-bridge-3.1.1.jar:/Users/jalidyamina/.m2/repository/org/glassfish/hk2/hk2-api/3.1.1/hk2-api-3.1.1.jar:/Users/jalidyamina/.m2/repository/org/springframework/spring-context/6.1.13/spring-context-6.1.13.jar:/Users/jalidyamina/.m2/repository/com/fasterxml/jackson/dataformat/jackson-dataformat-xml/2.17.2/jackson-dataformat-xml-2.17.2.jar:/Users/jalidyamina/.m2/repository/org/codehaus/woodstox/stax2-api/4.2.2/stax2-api-4.2.2.jar:/Users/jalidyamina/.m2/repository/com/fasterxml/woodstox/woodstox-core/6.7.0/woodstox-core-6.7.0.jar:"/>
    <property name="java.vm.vendor" value="Amazon.com Inc."/>
    <property name="sun.arch.data.model" value="64"/>
    <property name="java.vendor.url" value="https://aws.amazon.com/corretto/"/>
    <property name="user.timezone" value="Europe/Paris"/>
    <property name="os.name" value="Mac OS X"/>
    <property name="java.vm.specification.version" value="17"/>
    <property name="sun.java.launcher" value="SUN_STANDARD"/>
    <property name="user.country" value="FR"/>
    <property name="sun.boot.library.path" value="/Users/jalidyamina/Library/Java/JavaVirtualMachines/corretto-17.0.12/Contents/Home/lib"/>
    <property name="sun.java.command" value="/Users/jalidyamina/microservices-architecture/eureka-server/target/surefire/surefirebooter-20241006122749842_3.jar /Users/jalidyamina/microservices-architecture/eureka-server/target/surefire 2024-10-06T12-27-49_787-jvmRun1 surefire-20241006122749842_1tmp surefire_0-20241006122749842_2tmp"/>
    <property name="http.nonProxyHosts" value="local|*.local|169.254/16|*.169.254/16"/>
    <property name="jdk.debug" value="release"/>
    <property name="surefire.test.class.path" value="/Users/jalidyamina/microservices-architecture/eureka-server/target/test-classes:/Users/jalidyamina/microservices-architecture/eureka-server/target/classes:/Users/jalidyamina/.m2/repository/org/springframework/cloud/spring-cloud-starter-config/4.1.1/spring-cloud-starter-config-4.1.1.jar:/Users/jalidyamina/.m2/repository/org/springframework/cloud/spring-cloud-starter/4.1.2/spring-cloud-starter-4.1.2.jar:/Users/jalidyamina/.m2/repository/org/springframework/cloud/spring-cloud-context/4.1.2/spring-cloud-context-4.1.2.jar:/Users/jalidyamina/.m2/repository/org/springframework/security/spring-security-rsa/1.1.2/spring-security-rsa-1.1.2.jar:/Users/jalidyamina/.m2/repository/org/bouncycastle/bcprov-jdk18on/1.77/bcprov-jdk18on-1.77.jar:/Users/jalidyamina/.m2/repository/org/springframework/cloud/spring-cloud-config-client/4.1.1/spring-cloud-config-client-4.1.1.jar:/Users/jalidyamina/.m2/repository/org/springframework/boot/spring-boot-autoconfigure/3.3.4/spring-boot-autoconfigure-3.3.4.jar:/Users/jalidyamina/.m2/repository/org/springframework/spring-web/6.1.13/spring-web-6.1.13.jar:/Users/jalidyamina/.m2/repository/org/springframework/spring-beans/6.1.13/spring-beans-6.1.13.jar:/Users/jalidyamina/.m2/repository/com/fasterxml/jackson/core/jackson-annotations/2.17.2/jackson-annotations-2.17.2.jar:/Users/jalidyamina/.m2/repository/org/apache/httpcomponents/client5/httpclient5/5.3.1/httpclient5-5.3.1.jar:/Users/jalidyamina/.m2/repository/org/apache/httpcomponents/core5/httpcore5/5.2.5/httpcore5-5.2.5.jar:/Users/jalidyamina/.m2/repository/org/apache/httpcomponents/core5/httpcore5-h2/5.2.5/httpcore5-h2-5.2.5.jar:/Users/jalidyamina/.m2/repository/com/fasterxml/jackson/core/jackson-databind/2.17.2/jackson-databind-2.17.2.jar:/Users/jalidyamina/.m2/repository/com/fasterxml/jackson/core/jackson-core/2.17.2/jackson-core-2.17.2.jar:/Users/jalidyamina/.m2/repository/org/springframework/cloud/spring-cloud-starter-netflix-eureka-server/4.1.1/spring-cloud-starter-netflix-eureka-server-4.1.1.jar:/Users/jalidyamina/.m2/repository/org/springframework/cloud/spring-cloud-starter-loadbalancer/4.1.2/spring-cloud-starter-loadbalancer-4.1.2.jar:/Users/jalidyamina/.m2/repository/org/springframework/cloud/spring-cloud-loadbalancer/4.1.2/spring-cloud-loadbalancer-4.1.2.jar:/Users/jalidyamina/.m2/repository/io/projectreactor/reactor-core/3.6.10/reactor-core-3.6.10.jar:/Users/jalidyamina/.m2/repository/org/reactivestreams/reactive-streams/1.0.4/reactive-streams-1.0.4.jar:/Users/jalidyamina/.m2/repository/io/projectreactor/addons/reactor-extra/3.5.2/reactor-extra-3.5.2.jar:/Users/jalidyamina/.m2/repository/org/springframework/boot/spring-boot-starter-cache/3.3.4/spring-boot-starter-cache-3.3.4.jar:/Users/jalidyamina/.m2/repository/com/stoyanr/evictor/1.0.0/evictor-1.0.0.jar:/Users/jalidyamina/.m2/repository/org/glassfish/jaxb/jaxb-runtime/4.0.5/jaxb-runtime-4.0.5.jar:/Users/jalidyamina/.m2/repository/org/glassfish/jaxb/jaxb-core/4.0.5/jaxb-core-4.0.5.jar:/Users/jalidyamina/.m2/repository/org/eclipse/angus/angus-activation/2.0.2/angus-activation-2.0.2.jar:/Users/jalidyamina/.m2/repository/org/glassfish/jaxb/txw2/4.0.5/txw2-4.0.5.jar:/Users/jalidyamina/.m2/repository/com/sun/istack/istack-commons-runtime/4.1.2/istack-commons-runtime-4.1.2.jar:/Users/jalidyamina/.m2/repository/org/springframework/cloud/spring-cloud-starter-bootstrap/4.1.2/spring-cloud-starter-bootstrap-4.1.2.jar:/Users/jalidyamina/.m2/repository/org/springframework/boot/spring-boot-starter-test/3.3.4/spring-boot-starter-test-3.3.4.jar:/Users/jalidyamina/.m2/repository/org/springframework/boot/spring-boot-starter/3.3.4/spring-boot-starter-3.3.4.jar:/Users/jalidyamina/.m2/repository/org/springframework/boot/spring-boot/3.3.4/spring-boot-3.3.4.jar:/Users/jalidyamina/.m2/repository/org/springframework/boot/spring-boot-starter-logging/3.3.4/spring-boot-starter-logging-3.3.4.jar:/Users/jalidyamina/.m2/repository/ch/qos/logback/logback-classic/1.5.8/logback-classic-1.5.8.jar:/Users/jalidyamina/.m2/repository/ch/qos/logback/logback-core/1.5.8/logback-core-1.5.8.jar:/Users/jalidyamina/.m2/repository/org/apache/logging/log4j/log4j-to-slf4j/2.23.1/log4j-to-slf4j-2.23.1.jar:/Users/jalidyamina/.m2/repository/org/apache/logging/log4j/log4j-api/2.23.1/log4j-api-2.23.1.jar:/Users/jalidyamina/.m2/repository/org/slf4j/jul-to-slf4j/2.0.16/jul-to-slf4j-2.0.16.jar:/Users/jalidyamina/.m2/repository/jakarta/annotation/jakarta.annotation-api/2.1.1/jakarta.annotation-api-2.1.1.jar:/Users/jalidyamina/.m2/repository/org/yaml/snakeyaml/2.2/snakeyaml-2.2.jar:/Users/jalidyamina/.m2/repository/org/springframework/boot/spring-boot-test/3.3.4/spring-boot-test-3.3.4.jar:/Users/jalidyamina/.m2/repository/org/springframework/boot/spring-boot-test-autoconfigure/3.3.4/spring-boot-test-autoconfigure-3.3.4.jar:/Users/jalidyamina/.m2/repository/com/jayway/jsonpath/json-path/2.9.0/json-path-2.9.0.jar:/Users/jalidyamina/.m2/repository/org/slf4j/slf4j-api/2.0.16/slf4j-api-2.0.16.jar:/Users/jalidyamina/.m2/repository/jakarta/xml/bind/jakarta.xml.bind-api/4.0.2/jakarta.xml.bind-api-4.0.2.jar:/Users/jalidyamina/.m2/repository/jakarta/activation/jakarta.activation-api/2.1.3/jakarta.activation-api-2.1.3.jar:/Users/jalidyamina/.m2/repository/net/minidev/json-smart/2.5.1/json-smart-2.5.1.jar:/Users/jalidyamina/.m2/repository/net/minidev/accessors-smart/2.5.1/accessors-smart-2.5.1.jar:/Users/jalidyamina/.m2/repository/org/ow2/asm/asm/9.6/asm-9.6.jar:/Users/jalidyamina/.m2/repository/org/assertj/assertj-core/3.25.3/assertj-core-3.25.3.jar:/Users/jalidyamina/.m2/repository/net/bytebuddy/byte-buddy/1.14.19/byte-buddy-1.14.19.jar:/Users/jalidyamina/.m2/repository/org/awaitility/awaitility/4.2.2/awaitility-4.2.2.jar:/Users/jalidyamina/.m2/repository/org/hamcrest/hamcrest/2.2/hamcrest-2.2.jar:/Users/jalidyamina/.m2/repository/org/junit/jupiter/junit-jupiter/5.10.3/junit-jupiter-5.10.3.jar:/Users/jalidyamina/.m2/repository/org/junit/jupiter/junit-jupiter-api/5.10.3/junit-jupiter-api-5.10.3.jar:/Users/jalidyamina/.m2/repository/org/opentest4j/opentest4j/1.3.0/opentest4j-1.3.0.jar:/Users/jalidyamina/.m2/repository/org/junit/platform/junit-platform-commons/1.10.3/junit-platform-commons-1.10.3.jar:/Users/jalidyamina/.m2/repository/org/apiguardian/apiguardian-api/1.1.2/apiguardian-api-1.1.2.jar:/Users/jalidyamina/.m2/repository/org/junit/jupiter/junit-jupiter-params/5.10.3/junit-jupiter-params-5.10.3.jar:/Users/jalidyamina/.m2/repository/org/junit/jupiter/junit-jupiter-engine/5.10.3/junit-jupiter-engine-5.10.3.jar:/Users/jalidyamina/.m2/repository/org/junit/platform/junit-platform-engine/1.10.3/junit-platform-engine-1.10.3.jar:/Users/jalidyamina/.m2/repository/org/mockito/mockito-core/5.11.0/mockito-core-5.11.0.jar:/Users/jalidyamina/.m2/repository/net/bytebuddy/byte-buddy-agent/1.14.19/byte-buddy-agent-1.14.19.jar:/Users/jalidyamina/.m2/repository/org/objenesis/objenesis/3.3/objenesis-3.3.jar:/Users/jalidyamina/.m2/repository/org/mockito/mockito-junit-jupiter/5.11.0/mockito-junit-jupiter-5.11.0.jar:/Users/jalidyamina/.m2/repository/org/skyscreamer/jsonassert/1.5.3/jsonassert-1.5.3.jar:/Users/jalidyamina/.m2/repository/com/vaadin/external/google/android-json/0.0.20131108.vaadin1/android-json-0.0.20131108.vaadin1.jar:/Users/jalidyamina/.m2/repository/org/springframework/spring-core/6.1.13/spring-core-6.1.13.jar:/Users/jalidyamina/.m2/repository/org/springframework/spring-jcl/6.1.13/spring-jcl-6.1.13.jar:/Users/jalidyamina/.m2/repository/org/springframework/spring-test/6.1.13/spring-test-6.1.13.jar:/Users/jalidyamina/.m2/repository/org/xmlunit/xmlunit-core/2.9.1/xmlunit-core-2.9.1.jar:/Users/jalidyamina/.m2/repository/org/springframework/cloud/spring-cloud-netflix-eureka-server/4.1.3/spring-cloud-netflix-eureka-server-4.1.3.jar:/Users/jalidyamina/.m2/repository/org/springframework/boot/spring-boot-starter-web/3.3.4/spring-boot-starter-web-3.3.4.jar:/Users/jalidyamina/.m2/repository/org/springframework/boot/spring-boot-starter-json/3.3.4/spring-boot-starter-json-3.3.4.jar:/Users/jalidyamina/.m2/repository/com/fasterxml/jackson/datatype/jackson-datatype-jdk8/2.17.2/jackson-datatype-jdk8-2.17.2.jar:/Users/jalidyamina/.m2/repository/com/fasterxml/jackson/datatype/jackson-datatype-jsr310/2.17.2/jackson-datatype-jsr310-2.17.2.jar:/Users/jalidyamina/.m2/repository/com/fasterxml/jackson/module/jackson-module-parameter-names/2.17.2/jackson-module-parameter-names-2.17.2.jar:/Users/jalidyamina/.m2/repository/org/springframework/boot/spring-boot-starter-tomcat/3.3.4/spring-boot-starter-tomcat-3.3.4.jar:/Users/jalidyamina/.m2/repository/org/apache/tomcat/embed/tomcat-embed-core/10.1.30/tomcat-embed-core-10.1.30.jar:/Users/jalidyamina/.m2/repository/org/apache/tomcat/embed/tomcat-embed-el/10.1.30/tomcat-embed-el-10.1.30.jar:/Users/jalidyamina/.m2/repository/org/apache/tomcat/embed/tomcat-embed-websocket/10.1.30/tomcat-embed-websocket-10.1.30.jar:/Users/jalidyamina/.m2/repository/org/springframework/spring-webmvc/6.1.13/spring-webmvc-6.1.13.jar:/Users/jalidyamina/.m2/repository/org/springframework/spring-aop/6.1.13/spring-aop-6.1.13.jar:/Users/jalidyamina/.m2/repository/org/springframework/spring-expression/6.1.13/spring-expression-6.1.13.jar:/Users/jalidyamina/.m2/repository/org/springframework/boot/spring-boot-starter-actuator/3.3.4/spring-boot-starter-actuator-3.3.4.jar:/Users/jalidyamina/.m2/repository/org/springframework/boot/spring-boot-actuator-autoconfigure/3.3.4/spring-boot-actuator-autoconfigure-3.3.4.jar:/Users/jalidyamina/.m2/repository/org/springframework/boot/spring-boot-actuator/3.3.4/spring-boot-actuator-3.3.4.jar:/Users/jalidyamina/.m2/repository/io/micrometer/micrometer-observation/1.13.4/micrometer-observation-1.13.4.jar:/Users/jalidyamina/.m2/repository/io/micrometer/micrometer-commons/1.13.4/micrometer-commons-1.13.4.jar:/Users/jalidyamina/.m2/repository/io/micrometer/micrometer-jakarta9/1.13.4/micrometer-jakarta9-1.13.4.jar:/Users/jalidyamina/.m2/repository/io/micrometer/micrometer-core/1.13.4/micrometer-core-1.13.4.jar:/Users/jalidyamina/.m2/repository/org/hdrhistogram/HdrHistogram/2.2.2/HdrHistogram-2.2.2.jar:/Users/jalidyamina/.m2/repository/org/latencyutils/LatencyUtils/2.0.3/LatencyUtils-2.0.3.jar:/Users/jalidyamina/.m2/repository/org/springframework/boot/spring-boot-starter-freemarker/3.3.4/spring-boot-starter-freemarker-3.3.4.jar:/Users/jalidyamina/.m2/repository/org/freemarker/freemarker/2.3.33/freemarker-2.3.33.jar:/Users/jalidyamina/.m2/repository/org/springframework/spring-context-support/6.1.13/spring-context-support-6.1.13.jar:/Users/jalidyamina/.m2/repository/org/springframework/cloud/spring-cloud-commons/4.1.2/spring-cloud-commons-4.1.2.jar:/Users/jalidyamina/.m2/repository/org/springframework/security/spring-security-crypto/6.3.3/spring-security-crypto-6.3.3.jar:/Users/jalidyamina/.m2/repository/org/springframework/cloud/spring-cloud-netflix-eureka-client/4.1.1/spring-cloud-netflix-eureka-client-4.1.1.jar:/Users/jalidyamina/.m2/repository/com/netflix/eureka/eureka-client/2.0.2/eureka-client-2.0.2.jar:/Users/jalidyamina/.m2/repository/com/netflix/netflix-commons/netflix-eventbus/0.3.0/netflix-eventbus-0.3.0.jar:/Users/jalidyamina/.m2/repository/com/netflix/netflix-commons/netflix-infix/0.3.0/netflix-infix-0.3.0.jar:/Users/jalidyamina/.m2/repository/commons-jxpath/commons-jxpath/1.3/commons-jxpath-1.3.jar:/Users/jalidyamina/.m2/repository/joda-time/joda-time/2.3/joda-time-2.3.jar:/Users/jalidyamina/.m2/repository/org/antlr/antlr-runtime/3.4/antlr-runtime-3.4.jar:/Users/jalidyamina/.m2/repository/org/antlr/stringtemplate/3.2.1/stringtemplate-3.2.1.jar:/Users/jalidyamina/.m2/repository/antlr/antlr/2.7.7/antlr-2.7.7.jar:/Users/jalidyamina/.m2/repository/com/google/code/gson/gson/2.10.1/gson-2.10.1.jar:/Users/jalidyamina/.m2/repository/org/apache/commons/commons-math/2.2/commons-math-2.2.jar:/Users/jalidyamina/.m2/repository/com/thoughtworks/xstream/xstream/1.4.19/xstream-1.4.19.jar:/Users/jalidyamina/.m2/repository/io/github/x-stream/mxparser/1.2.2/mxparser-1.2.2.jar:/Users/jalidyamina/.m2/repository/xmlpull/xmlpull/1.1.3.1/xmlpull-1.1.3.1.jar:/Users/jalidyamina/.m2/repository/com/netflix/servo/servo-core/0.12.21/servo-core-0.12.21.jar:/Users/jalidyamina/.m2/repository/com/google/guava/guava/19.0/guava-19.0.jar:/Users/jalidyamina/.m2/repository/org/apache/httpcomponents/httpclient/4.5.3/httpclient-4.5.3.jar:/Users/jalidyamina/.m2/repository/org/apache/httpcomponents/httpcore/4.4.16/httpcore-4.4.16.jar:/Users/jalidyamina/.m2/repository/commons-configuration/commons-configuration/1.10/commons-configuration-1.10.jar:/Users/jalidyamina/.m2/repository/commons-lang/commons-lang/2.6/commons-lang-2.6.jar:/Users/jalidyamina/.m2/repository/org/codehaus/jettison/jettison/1.5.4/jettison-1.5.4.jar:/Users/jalidyamina/.m2/repository/com/netflix/eureka/eureka-client-jersey3/2.0.2/eureka-client-jersey3-2.0.2.jar:/Users/jalidyamina/.m2/repository/org/glassfish/jersey/connectors/jersey-apache-connector/3.1.8/jersey-apache-connector-3.1.8.jar:/Users/jalidyamina/.m2/repository/commons-codec/commons-codec/1.16.1/commons-codec-1.16.1.jar:/Users/jalidyamina/.m2/repository/commons-logging/commons-logging/1.3.1/commons-logging-1.3.1.jar:/Users/jalidyamina/.m2/repository/com/netflix/eureka/eureka-core-jersey3/2.0.2/eureka-core-jersey3-2.0.2.jar:/Users/jalidyamina/.m2/repository/com/netflix/eureka/eureka-core/2.0.2/eureka-core-2.0.2.jar:/Users/jalidyamina/.m2/repository/org/glassfish/jersey/containers/jersey-container-servlet/3.1.8/jersey-container-servlet-3.1.8.jar:/Users/jalidyamina/.m2/repository/org/glassfish/jersey/containers/jersey-container-servlet-core/3.1.8/jersey-container-servlet-core-3.1.8.jar:/Users/jalidyamina/.m2/repository/org/glassfish/jersey/core/jersey-common/3.1.8/jersey-common-3.1.8.jar:/Users/jalidyamina/.m2/repository/org/glassfish/hk2/osgi-resource-locator/1.0.3/osgi-resource-locator-1.0.3.jar:/Users/jalidyamina/.m2/repository/jakarta/ws/rs/jakarta.ws.rs-api/3.1.0/jakarta.ws.rs-api-3.1.0.jar:/Users/jalidyamina/.m2/repository/org/glassfish/jersey/core/jersey-server/3.1.8/jersey-server-3.1.8.jar:/Users/jalidyamina/.m2/repository/jakarta/inject/jakarta.inject-api/2.0.1/jakarta.inject-api-2.0.1.jar:/Users/jalidyamina/.m2/repository/jakarta/validation/jakarta.validation-api/3.0.2/jakarta.validation-api-3.0.2.jar:/Users/jalidyamina/.m2/repository/org/glassfish/jersey/core/jersey-client/3.1.8/jersey-client-3.1.8.jar:/Users/jalidyamina/.m2/repository/org/glassfish/jersey/inject/jersey-hk2/3.1.8/jersey-hk2-3.1.8.jar:/Users/jalidyamina/.m2/repository/org/glassfish/hk2/hk2-locator/3.0.6/hk2-locator-3.0.6.jar:/Users/jalidyamina/.m2/repository/org/glassfish/hk2/external/aopalliance-repackaged/3.0.6/aopalliance-repackaged-3.0.6.jar:/Users/jalidyamina/.m2/repository/org/glassfish/hk2/hk2-utils/3.0.6/hk2-utils-3.0.6.jar:/Users/jalidyamina/.m2/repository/org/javassist/javassist/3.30.2-GA/javassist-3.30.2-GA.jar:/Users/jalidyamina/.m2/repository/org/glassfish/hk2/spring-bridge/3.1.1/spring-bridge-3.1.1.jar:/Users/jalidyamina/.m2/repository/org/glassfish/hk2/hk2-api/3.1.1/hk2-api-3.1.1.jar:/Users/jalidyamina/.m2/repository/org/springframework/spring-context/6.1.13/spring-context-6.1.13.jar:/Users/jalidyamina/.m2/repository/com/fasterxml/jackson/dataformat/jackson-dataformat-xml/2.17.2/jackson-dataformat-xml-2.17.2.jar:/Users/jalidyamina/.m2/repository/org/codehaus/woodstox/stax2-api/4.2.2/stax2-api-4.2.2.jar:/Users/jalidyamina/.m2/repository/com/fasterxml/woodstox/woodstox-core/6.7.0/woodstox-core-6.7.0.jar:"/>
    <property name="sun.cpu.endian" value="little"/>
    <property name="user.home" value="/Users/jalidyamina"/>
    <property name="user.language" value="fr"/>
    <property name="java.specification.vendor" value="Oracle Corporation"/>
    <property name="java.version.date" value="2024-07-16"/>
    <property name="java.home" value="/Users/jalidyamina/Library/Java/JavaVirtualMachines/corretto-17.0.12/Contents/Home"/>
    <property name="file.separator" value="/"/>
    <property name="basedir" value="/Users/jalidyamina/microservices-architecture/eureka-server"/>
    <property name="java.vm.compressedOopsMode" value="Zero based"/>
    <property name="line.separator" value="&#10;"/>
    <property name="java.vm.specification.vendor" value="Oracle Corporation"/>
    <property name="java.specification.name" value="Java Platform API Specification"/>
    <property name="FILE_LOG_CHARSET" value="UTF-8"/>
    <property name="java.awt.headless" value="true"/>
    <property name="surefire.real.class.path" value="/Users/jalidyamina/microservices-architecture/eureka-server/target/surefire/surefirebooter-20241006122749842_3.jar"/>
    <property name="sun.management.compiler" value="HotSpot 64-Bit Tiered Compilers"/>
    <property name="ftp.nonProxyHosts" value="local|*.local|169.254/16|*.169.254/16"/>
    <property name="java.runtime.version" value="17.0.12+7-LTS"/>
    <property name="user.name" value="jalidyamina"/>
    <property name="path.separator" value=":"/>
    <property name="os.version" value="14.2"/>
    <property name="java.runtime.name" value="OpenJDK Runtime Environment"/>
    <property name="file.encoding" value="UTF-8"/>
    <property name="java.vm.name" value="OpenJDK 64-Bit Server VM"/>
    <property name="java.vendor.version" value="Corretto-17.0.12.7.1"/>
    <property name="localRepository" value="/Users/jalidyamina/.m2/repository"/>
    <property name="java.vendor.url.bug" value="https://github.com/corretto/corretto-17/issues/"/>
    <property name="java.io.tmpdir" value="/var/folders/bf/y3l7srms7tzg6sc4107bykd00000gn/T/"/>
    <property name="java.version" value="17.0.12"/>
    <property name="user.dir" value="/Users/jalidyamina/microservices-architecture/eureka-server"/>
    <property name="os.arch" value="aarch64"/>
    <property name="java.vm.specification.name" value="Java Virtual Machine Specification"/>
    <property name="PID" value="24775"/>
    <property name="CONSOLE_LOG_CHARSET" value="UTF-8"/>
    <property name="native.encoding" value="UTF-8"/>
    <property name="java.library.path" value="/Users/jalidyamina/Library/Java/Extensions:/Library/Java/Extensions:/Network/Library/Java/Extensions:/System/Library/Java/Extensions:/usr/lib/java:."/>
    <property name="java.vm.info" value="mixed mode, sharing"/>
    <property name="java.vendor" value="Amazon.com Inc."/>
    <property name="java.vm.version" value="17.0.12+7-LTS"/>
    <property name="sun.io.unicode.encoding" value="UnicodeBig"/>
    <property name="socksNonProxyHosts" value="local|*.local|169.254/16|*.169.254/16"/>
    <property name="java.class.version" value="61.0"/>
    <property name="LOGGED_APPLICATION_NAME" value="[eureka-server] "/>
  </properties>
  <testcase name="contextLoads" classname="com.microservices.eurekaserver.EurekaServerApplicationTests" time="0.416">
    <system-out><![CDATA[12:27:50.210 [main] INFO org.springframework.test.context.support.AnnotationConfigContextLoaderUtils -- Could not detect default configuration classes for test class [com.microservices.eurekaserver.EurekaServerApplicationTests]: EurekaServerApplicationTests does not declare any static, non-private, non-final, nested classes annotated with @Configuration.
12:27:50.253 [main] INFO org.springframework.boot.test.context.SpringBootTestContextBootstrapper -- Found @SpringBootConfiguration com.microservices.eurekaserver.EurekaServerApplication for test class com.microservices.eurekaserver.EurekaServerApplicationTests

  .   ____          _            __ _ _
 /\\ / ___'_ __ _ _(_)_ __  __ _ \ \ \ \
( ( )\___ | '_ | '_| | '_ \/ _` | \ \ \ \
 \\/  ___)| |_)| | | | | || (_| |  ) ) ) )
  '  |____| .__|_| |_|_| |_\__, | / / / /
 =========|_|==============|___/=/_/_/_/

 :: Spring Boot ::                (v3.3.4)

2024-10-06T12:27:50.627+02:00  INFO 24775 --- [eureka-server] [           main] c.c.c.ConfigServicePropertySourceLocator : Fetching config from server at : http://localhost:8888
2024-10-06T12:27:54.943+02:00  INFO 24775 --- [eureka-server] [           main] c.c.c.ConfigServicePropertySourceLocator : Located environment: name=eureka-server, profiles=[default], label=null, version=ad2b871a0a0fd2c31b13cec598de5378d6666189, state=null
2024-10-06T12:27:54.963+02:00  INFO 24775 --- [eureka-server] [           main] b.c.PropertySourceBootstrapConfiguration : Located property source: [BootstrapPropertySource {name='bootstrapProperties-configClient'}, BootstrapPropertySource {name='bootstrapProperties-https://github.com/aminajalidy/microservices-architecture/config-server-repo/eureka-server.properties'}]
2024-10-06T12:27:55.005+02:00  INFO 24775 --- [eureka-server] [           main] c.m.e.EurekaServerApplicationTests       : No active profile set, falling back to 1 default profile: "default"
2024-10-06T12:27:55.576+02:00  INFO 24775 --- [eureka-server] [           main] o.s.cloud.context.scope.GenericScope     : BeanFactory id=b7a62861-7635-3319-a24f-bf3378b37d86
2024-10-06T12:27:55.625+02:00  WARN 24775 --- [eureka-server] [           main] trationDelegate$BeanPostProcessorChecker : Bean 'org.springframework.cloud.client.loadbalancer.LoadBalancerAutoConfiguration$DeferringLoadBalancerInterceptorConfig' of type [org.springframework.cloud.client.loadbalancer.LoadBalancerAutoConfiguration$DeferringLoadBalancerInterceptorConfig] is not eligible for getting processed by all BeanPostProcessors (for example: not eligible for auto-proxying). The currently created BeanPostProcessor [lbRestClientPostProcessor] is declared through a non-static factory method on that class; consider declaring it as static instead.
2024-10-06T12:27:55.626+02:00  WARN 24775 --- [eureka-server] [           main] trationDelegate$BeanPostProcessorChecker : Bean 'deferringLoadBalancerInterceptor' of type [org.springframework.cloud.client.loadbalancer.DeferringLoadBalancerInterceptor] is not eligible for getting processed by all BeanPostProcessors (for example: not eligible for auto-proxying). Is this bean getting eagerly injected into a currently created BeanPostProcessor [lbRestClientPostProcessor]? Check the corresponding BeanPostProcessor declaration and its dependencies.
2024-10-06T12:27:56.087+02:00  WARN 24775 --- [eureka-server] [           main] iguration$LoadBalancerCaffeineWarnLogger : Spring Cloud LoadBalancer is currently working with the default cache. While this cache implementation is useful for development and tests, it's recommended to use Caffeine cache in production.You can switch to using Caffeine cache, by adding it and org.springframework.cache.caffeine.CaffeineCacheManager to the classpath.
2024-10-06T12:27:56.195+02:00  INFO 24775 --- [eureka-server] [           main] o.s.c.n.eureka.InstanceInfoFactory       : Setting initial instance status as: STARTING
2024-10-06T12:27:56.210+02:00  INFO 24775 --- [eureka-server] [           main] com.netflix.discovery.DiscoveryClient    : Initializing Eureka in region us-east-1
2024-10-06T12:27:56.210+02:00  INFO 24775 --- [eureka-server] [           main] com.netflix.discovery.DiscoveryClient    : Client configured to neither register nor query for data.
2024-10-06T12:27:56.215+02:00  INFO 24775 --- [eureka-server] [           main] com.netflix.discovery.DiscoveryClient    : Discovery Client initialized at timestamp 1728210476215 with initial instances count: 0
2024-10-06T12:27:56.239+02:00  INFO 24775 --- [eureka-server] [           main] c.n.eureka.DefaultEurekaServerContext    : Initializing ...
2024-10-06T12:27:56.240+02:00  INFO 24775 --- [eureka-server] [           main] c.n.eureka.cluster.PeerEurekaNodes       : Adding new peer nodes [http://localhost:8762/eureka/]
2024-10-06T12:27:56.318+02:00  INFO 24775 --- [eureka-server] [           main] c.n.d.provider.DiscoveryJerseyProvider   : Using JSON encoding codec LegacyJacksonJson
2024-10-06T12:27:56.319+02:00  INFO 24775 --- [eureka-server] [           main] c.n.d.provider.DiscoveryJerseyProvider   : Using JSON decoding codec LegacyJacksonJson
2024-10-06T12:27:56.319+02:00  INFO 24775 --- [eureka-server] [           main] c.n.d.provider.DiscoveryJerseyProvider   : Using XML encoding codec XStreamXml
2024-10-06T12:27:56.319+02:00  INFO 24775 --- [eureka-server] [           main] c.n.d.provider.DiscoveryJerseyProvider   : Using XML decoding codec XStreamXml
2024-10-06T12:27:56.392+02:00  INFO 24775 --- [eureka-server] [           main] c.n.eureka.cluster.PeerEurekaNodes       : Replica node URL:  http://localhost:8762/eureka/
2024-10-06T12:27:56.395+02:00  INFO 24775 --- [eureka-server] [           main] c.n.e.registry.AbstractInstanceRegistry  : Finished initializing remote region registries. All known remote regions: []
2024-10-06T12:27:56.396+02:00  INFO 24775 --- [eureka-server] [           main] c.n.eureka.DefaultEurekaServerContext    : Initialized
2024-10-06T12:27:56.450+02:00  INFO 24775 --- [eureka-server] [           main] o.s.b.a.e.web.EndpointLinksResolver      : Exposing 1 endpoint beneath base path '/actuator'
2024-10-06T12:27:56.471+02:00  INFO 24775 --- [eureka-server] [           main] o.s.c.n.e.s.EurekaServiceRegistry        : Registering application EUREKA-SERVER with eureka with status UP
2024-10-06T12:27:56.477+02:00  INFO 24775 --- [eureka-server] [      Thread-11] o.s.c.n.e.server.EurekaServerBootstrap   : isAws returned false
2024-10-06T12:27:56.478+02:00  INFO 24775 --- [eureka-server] [      Thread-11] o.s.c.n.e.server.EurekaServerBootstrap   : Initialized server context
2024-10-06T12:27:56.478+02:00  INFO 24775 --- [eureka-server] [      Thread-11] c.n.e.r.PeerAwareInstanceRegistryImpl    : Got 1 instances from neighboring DS node
2024-10-06T12:27:56.478+02:00  INFO 24775 --- [eureka-server] [      Thread-11] c.n.e.r.PeerAwareInstanceRegistryImpl    : Renew threshold is: 1
2024-10-06T12:27:56.478+02:00  INFO 24775 --- [eureka-server] [      Thread-11] c.n.e.r.PeerAwareInstanceRegistryImpl    : Changing status to UP
2024-10-06T12:27:56.481+02:00  INFO 24775 --- [eureka-server] [      Thread-11] e.s.EurekaServerInitializerConfiguration : Started Eureka Server
2024-10-06T12:27:56.483+02:00  INFO 24775 --- [eureka-server] [           main] c.m.e.EurekaServerApplicationTests       : Started EurekaServerApplicationTests in 6.172 seconds (process running for 6.589)
]]></system-out>
  </testcase>
</testsuite>